# JRE version: Java(TM) SE Runtime Environment (8.0_51-b16) (build 1.8.0_51-b16)
# Java VM: Java HotSpot(TM) 64-Bit Server VM (25.51-b03 mixed mode windows-amd64 compressed oops)
Heap:
 PSYoungGen      total 123392K, used 21851K [0x0000000716d80000, 0x000000071f900000, 0x00000007c0000000)
  eden space 109056K, 19% used [0x0000000716d80000,0x0000000718265390,0x000000071d800000)
  from space 14336K, 3% used [0x000000071eb00000,0x000000071eb71a20,0x000000071f900000)
  to   space 16896K, 0% used [0x000000071d800000,0x000000071d800000,0x000000071e880000)
 ParOldGen       total 347136K, used 10657K [0x00000005c4800000, 0x00000005d9b00000, 0x0000000716d80000)
  object space 347136K, 3% used [0x00000005c4800000,0x00000005c5268540,0x00000005d9b00000)
 Metaspace       used 11100K, capacity 11314K, committed 11392K, reserved 1058816K
  class space    used 1296K, capacity 1379K, committed 1408K, reserved 1048576K
GC Heap History (10 events):
Event: 6.949 GC heap before
{Heap before GC invocations=8 (full 0):
 PSYoungGen      total 121856K, used 121798K [0x0000000716d80000, 0x0000000720200000, 0x00000007c0000000)
  eden space 121344K, 100% used [0x0000000716d80000,0x000000071e400000,0x000000071e400000)
  from space 512K, 88% used [0x000000071e680000,0x000000071e6f1a20,0x000000071e700000)
  to   space 15360K, 0% used [0x000000071f300000,0x000000071f300000,0x0000000720200000)
 ParOldGen       total 347136K, used 10545K [0x00000005c4800000, 0x00000005d9b00000, 0x0000000716d80000)
  object space 347136K, 3% used [0x00000005c4800000,0x00000005c524c540,0x00000005d9b00000)
 Metaspace       used 11079K, capacity 11314K, committed 11392K, reserved 1058816K
  class space    used 1295K, capacity 1379K, committed 1408K, reserved 1048576K
Event: 6.950 GC heap after
Heap after GC invocations=8 (full 0):
 PSYoungGen      total 133632K, used 422K [0x0000000716d80000, 0x0000000720180000, 0x00000007c0000000)
  eden space 118784K, 0% used [0x0000000716d80000,0x0000000716d80000,0x000000071e180000)
  from space 14848K, 2% used [0x000000071f300000,0x000000071f369a10,0x0000000720180000)
  to   space 16384K, 0% used [0x000000071e180000,0x000000071e180000,0x000000071f180000)
 ParOldGen       total 347136K, used 10569K [0x00000005c4800000, 0x00000005d9b00000, 0x0000000716d80000)
  object space 347136K, 3% used [0x00000005c4800000,0x00000005c5252540,0x00000005d9b00000)
 Metaspace       used 11079K, capacity 11314K, committed 11392K, reserved 1058816K
  class space    used 1295K, capacity 1379K, committed 1408K, reserved 1048576K
}
Event: 7.383 GC heap before
{Heap before GC invocations=9 (full 0):
 PSYoungGen      total 133632K, used 119206K [0x0000000716d80000, 0x0000000720180000, 0x00000007c0000000)
  eden space 118784K, 100% used [0x0000000716d80000,0x000000071e180000,0x000000071e180000)
  from space 14848K, 2% used [0x000000071f300000,0x000000071f369a10,0x0000000720180000)
  to   space 16384K, 0% used [0x000000071e180000,0x000000071e180000,0x000000071f180000)
 ParOldGen       total 347136K, used 10569K [0x00000005c4800000, 0x00000005d9b00000, 0x0000000716d80000)
  object space 347136K, 3% used [0x00000005c4800000,0x00000005c5252540,0x00000005d9b00000)
 Metaspace       used 11079K, capacity 11314K, committed 11392K, reserved 1058816K
  class space    used 1295K, capacity 1379K, committed 1408K, reserved 1048576K
Event: 7.384 GC heap after
Heap after GC invocations=9 (full 0):
 PSYoungGen      total 116736K, used 160K [0x0000000716d80000, 0x0000000720000000, 0x00000007c0000000)
  eden space 116224K, 0% used [0x0000000716d80000,0x0000000716d80000,0x000000071df00000)
  from space 512K, 31% used [0x000000071e180000,0x000000071e1a8000,0x000000071e200000)
  to   space 16896K, 0% used [0x000000071ef80000,0x000000071ef80000,0x0000000720000000)
 ParOldGen       total 347136K, used 10609K [0x00000005c4800000, 0x00000005d9b00000, 0x0000000716d80000)
  object space 347136K, 3% used [0x00000005c4800000,0x00000005c525c540,0x00000005d9b00000)
 Metaspace       used 11079K, capacity 11314K, committed 11392K, reserved 1058816K
  class space    used 1295K, capacity 1379K, committed 1408K, reserved 1048576K
}
Event: 7.783 GC heap before
{Heap before GC invocations=10 (full 0):
 PSYoungGen      total 116736K, used 116384K [0x0000000716d80000, 0x0000000720000000, 0x00000007c0000000)
  eden space 116224K, 100% used [0x0000000716d80000,0x000000071df00000,0x000000071df00000)
  from space 512K, 31% used [0x000000071e180000,0x000000071e1a8000,0x000000071e200000)
  to   space 16896K, 0% used [0x000000071ef80000,0x000000071ef80000,0x0000000720000000)
 ParOldGen       total 347136K, used 10609K [0x00000005c4800000, 0x00000005d9b00000, 0x0000000716d80000)
  object space 347136K, 3% used [0x00000005c4800000,0x00000005c525c540,0x00000005d9b00000)
 Metaspace       used 11081K, capacity 11314K, committed 11392K, reserved 1058816K
  class space    used 1295K, capacity 1379K, committed 1408K, reserved 1048576K
Event: 7.783 GC heap after
Heap after GC invocations=10 (full 0):
 PSYoungGen      total 129024K, used 128K [0x0000000716d80000, 0x000000071fe80000, 0x00000007c0000000)
  eden space 113664K, 0% used [0x0000000716d80000,0x0000000716d80000,0x000000071dc80000)
  from space 15360K, 0% used [0x000000071ef80000,0x000000071efa0000,0x000000071fe80000)
  to   space 17408K, 0% used [0x000000071dc80000,0x000000071dc80000,0x000000071ed80000)
 ParOldGen       total 347136K, used 10625K [0x00000005c4800000, 0x00000005d9b00000, 0x0000000716d80000)
  object space 347136K, 3% used [0x00000005c4800000,0x00000005c5260540,0x00000005d9b00000)
 Metaspace       used 11081K, capacity 11314K, committed 11392K, reserved 1058816K
  class space    used 1295K, capacity 1379K, committed 1408K, reserved 1048576K
}
Event: 8.206 GC heap before
{Heap before GC invocations=11 (full 0):
 PSYoungGen      total 129024K, used 113792K [0x0000000716d80000, 0x000000071fe80000, 0x00000007c0000000)
  eden space 113664K, 100% used [0x0000000716d80000,0x000000071dc80000,0x000000071dc80000)
  from space 15360K, 0% used [0x000000071ef80000,0x000000071efa0000,0x000000071fe80000)
  to   space 17408K, 0% used [0x000000071dc80000,0x000000071dc80000,0x000000071ed80000)
 ParOldGen       total 347136K, used 10625K [0x00000005c4800000, 0x00000005d9b00000, 0x0000000716d80000)
  object space 347136K, 3% used [0x00000005c4800000,0x00000005c5260540,0x00000005d9b00000)
 Metaspace       used 11099K, capacity 11314K, committed 11392K, reserved 1058816K
  class space    used 1295K, capacity 1379K, committed 1408K, reserved 1048576K
Event: 8.207 GC heap after
Heap after GC invocations=11 (full 0):
 PSYoungGen      total 111616K, used 460K [0x0000000716d80000, 0x000000071fc00000, 0x00000007c0000000)
  eden space 111104K, 0% used [0x0000000716d80000,0x0000000716d80000,0x000000071da00000)
  from space 512K, 89% used [0x000000071dc80000,0x000000071dcf3010,0x000000071dd00000)
  to   space 17408K, 0% used [0x000000071eb00000,0x000000071eb00000,0x000000071fc00000)
 ParOldGen       total 347136K, used 10641K [0x00000005c4800000, 0x00000005d9b00000, 0x0000000716d80000)
  object space 347136K, 3% used [0x00000005c4800000,0x00000005c5264540,0x00000005d9b00000)
 Metaspace       used 11099K, capacity 11314K, committed 11392K, reserved 1058816K
  class space    used 1295K, capacity 1379K, committed 1408K, reserved 1048576K
}
Event: 8.601 GC heap before
{Heap before GC invocations=12 (full 0):
 PSYoungGen      total 111616K, used 111564K [0x0000000716d80000, 0x000000071fc00000, 0x00000007c0000000)
  eden space 111104K, 100% used [0x0000000716d80000,0x000000071da00000,0x000000071da00000)
  from space 512K, 89% used [0x000000071dc80000,0x000000071dcf3010,0x000000071dd00000)
  to   space 17408K, 0% used [0x000000071eb00000,0x000000071eb00000,0x000000071fc00000)
 ParOldGen       total 347136K, used 10641K [0x00000005c4800000, 0x00000005d9b00000, 0x0000000716d80000)
  object space 347136K, 3% used [0x00000005c4800000,0x00000005c5264540,0x00000005d9b00000)
 Metaspace       used 11099K, capacity 11314K, committed 11392K, reserved 1058816K
  class space    used 1295K, capacity 1379K, committed 1408K, reserved 1048576K
Event: 8.601 GC heap after
Heap after GC invocations=12 (full 0):
 PSYoungGen      total 123392K, used 454K [0x0000000716d80000, 0x000000071f900000, 0x00000007c0000000)
  eden space 109056K, 0% used [0x0000000716d80000,0x0000000716d80000,0x000000071d800000)
  from space 14336K, 3% used [0x000000071eb00000,0x000000071eb71a20,0x000000071f900000)
  to   space 16896K, 0% used [0x000000071d800000,0x000000071d800000,0x000000071e880000)
 ParOldGen       total 347136K, used 10657K [0x00000005c4800000, 0x00000005d9b00000, 0x0000000716d80000)
  object space 347136K, 3% used [0x00000005c4800000,0x00000005c5268540,0x00000005d9b00000)
 Metaspace       used 11099K, capacity 11314K, committed 11392K, reserved 1058816K
  class space    used 1295K, capacity 1379K, committed 1408K, reserved 1048576K
}

