# JRE version: Java(TM) SE Runtime Environment (8.0_51-b16) (build 1.8.0_51-b16)
# Java VM: Java HotSpot(TM) 64-Bit Server VM (25.51-b03 mixed mode windows-amd64 compressed oops)
Heap:
 PSYoungGen      total 42496K, used 27155K [0x0000000716d80000, 0x0000000719800000, 0x00000007c0000000)
  eden space 41472K, 64% used [0x0000000716d80000,0x000000071877b4c0,0x0000000719600000)
  from space 1024K, 53% used [0x0000000719600000,0x0000000719689a20,0x0000000719700000)
  to   space 1024K, 0% used [0x0000000719700000,0x0000000719700000,0x0000000719800000)
 ParOldGen       total 347136K, used 14990K [0x00000005c4800000, 0x00000005d9b00000, 0x0000000716d80000)
  object space 347136K, 4% used [0x00000005c4800000,0x00000005c56a3af0,0x00000005d9b00000)
 Metaspace       used 11305K, capacity 11544K, committed 11776K, reserved 1058816K
  class space    used 1316K, capacity 1412K, committed 1536K, reserved 1048576K
GC Heap History (10 events):
Event: 54.085 GC heap before
{Heap before GC invocations=251 (full 0):
 PSYoungGen      total 42496K, used 41568K [0x0000000716d80000, 0x0000000719800000, 0x00000007c0000000)
  eden space 41472K, 100% used [0x0000000716d80000,0x0000000719600000,0x0000000719600000)
  from space 1024K, 9% used [0x0000000719700000,0x0000000719718000,0x0000000719800000)
  to   space 1024K, 0% used [0x0000000719600000,0x0000000719600000,0x0000000719700000)
 ParOldGen       total 347136K, used 14918K [0x00000005c4800000, 0x00000005d9b00000, 0x0000000716d80000)
  object space 347136K, 4% used [0x00000005c4800000,0x00000005c5691af0,0x00000005d9b00000)
 Metaspace       used 11304K, capacity 11544K, committed 11776K, reserved 1058816K
  class space    used 1316K, capacity 1412K, committed 1536K, reserved 1048576K
Event: 54.086 GC heap after
Heap after GC invocations=251 (full 0):
 PSYoungGen      total 42496K, used 428K [0x0000000716d80000, 0x0000000719800000, 0x00000007c0000000)
  eden space 41472K, 0% used [0x0000000716d80000,0x0000000716d80000,0x0000000719600000)
  from space 1024K, 41% used [0x0000000719600000,0x000000071966b020,0x0000000719700000)
  to   space 1024K, 0% used [0x0000000719700000,0x0000000719700000,0x0000000719800000)
 ParOldGen       total 347136K, used 14934K [0x00000005c4800000, 0x00000005d9b00000, 0x0000000716d80000)
  object space 347136K, 4% used [0x00000005c4800000,0x00000005c5695af0,0x00000005d9b00000)
 Metaspace       used 11304K, capacity 11544K, committed 11776K, reserved 1058816K
  class space    used 1316K, capacity 1412K, committed 1536K, reserved 1048576K
}
Event: 54.387 GC heap before
{Heap before GC invocations=252 (full 0):
 PSYoungGen      total 42496K, used 41900K [0x0000000716d80000, 0x0000000719800000, 0x00000007c0000000)
  eden space 41472K, 100% used [0x0000000716d80000,0x0000000719600000,0x0000000719600000)
  from space 1024K, 41% used [0x0000000719600000,0x000000071966b020,0x0000000719700000)
  to   space 1024K, 0% used [0x0000000719700000,0x0000000719700000,0x0000000719800000)
 ParOldGen       total 347136K, used 14934K [0x00000005c4800000, 0x00000005d9b00000, 0x0000000716d80000)
  object space 347136K, 4% used [0x00000005c4800000,0x00000005c5695af0,0x00000005d9b00000)
 Metaspace       used 11305K, capacity 11544K, committed 11776K, reserved 1058816K
  class space    used 1316K, capacity 1412K, committed 1536K, reserved 1048576K
Event: 54.388 GC heap after
Heap after GC invocations=252 (full 0):
 PSYoungGen      total 42496K, used 454K [0x0000000716d80000, 0x0000000719800000, 0x00000007c0000000)
  eden space 41472K, 0% used [0x0000000716d80000,0x0000000716d80000,0x0000000719600000)
  from space 1024K, 44% used [0x0000000719700000,0x0000000719771a20,0x0000000719800000)
  to   space 1024K, 0% used [0x0000000719600000,0x0000000719600000,0x0000000719700000)
 ParOldGen       total 347136K, used 14942K [0x00000005c4800000, 0x00000005d9b00000, 0x0000000716d80000)
  object space 347136K, 4% used [0x00000005c4800000,0x00000005c5697af0,0x00000005d9b00000)
 Metaspace       used 11305K, capacity 11544K, committed 11776K, reserved 1058816K
  class space    used 1316K, capacity 1412K, committed 1536K, reserved 1048576K
}
Event: 54.528 GC heap before
{Heap before GC invocations=253 (full 0):
 PSYoungGen      total 42496K, used 41646K [0x0000000716d80000, 0x0000000719800000, 0x00000007c0000000)
  eden space 41472K, 99% used [0x0000000716d80000,0x00000007195b9eb8,0x0000000719600000)
  from space 1024K, 44% used [0x0000000719700000,0x0000000719771a20,0x0000000719800000)
  to   space 1024K, 0% used [0x0000000719600000,0x0000000719600000,0x0000000719700000)
 ParOldGen       total 347136K, used 14942K [0x00000005c4800000, 0x00000005d9b00000, 0x0000000716d80000)
  object space 347136K, 4% used [0x00000005c4800000,0x00000005c5697af0,0x00000005d9b00000)
 Metaspace       used 11305K, capacity 11544K, committed 11776K, reserved 1058816K
  class space    used 1316K, capacity 1412K, committed 1536K, reserved 1048576K
Event: 54.529 GC heap after
Heap after GC invocations=253 (full 0):
 PSYoungGen      total 42496K, used 128K [0x0000000716d80000, 0x0000000719800000, 0x00000007c0000000)
  eden space 41472K, 0% used [0x0000000716d80000,0x0000000716d80000,0x0000000719600000)
  from space 1024K, 12% used [0x0000000719600000,0x0000000719620000,0x0000000719700000)
  to   space 1024K, 0% used [0x0000000719700000,0x0000000719700000,0x0000000719800000)
 ParOldGen       total 347136K, used 14950K [0x00000005c4800000, 0x00000005d9b00000, 0x0000000716d80000)
  object space 347136K, 4% used [0x00000005c4800000,0x00000005c5699af0,0x00000005d9b00000)
 Metaspace       used 11305K, capacity 11544K, committed 11776K, reserved 1058816K
  class space    used 1316K, capacity 1412K, committed 1536K, reserved 1048576K
}
Event: 54.870 GC heap before
{Heap before GC invocations=254 (full 0):
 PSYoungGen      total 42496K, used 41600K [0x0000000716d80000, 0x0000000719800000, 0x00000007c0000000)
  eden space 41472K, 100% used [0x0000000716d80000,0x0000000719600000,0x0000000719600000)
  from space 1024K, 12% used [0x0000000719600000,0x0000000719620000,0x0000000719700000)
  to   space 1024K, 0% used [0x0000000719700000,0x0000000719700000,0x0000000719800000)
 ParOldGen       total 347136K, used 14950K [0x00000005c4800000, 0x00000005d9b00000, 0x0000000716d80000)
  object space 347136K, 4% used [0x00000005c4800000,0x00000005c5699af0,0x00000005d9b00000)
 Metaspace       used 11305K, capacity 11544K, committed 11776K, reserved 1058816K
  class space    used 1316K, capacity 1412K, committed 1536K, reserved 1048576K
Event: 54.871 GC heap after
Heap after GC invocations=254 (full 0):
 PSYoungGen      total 42496K, used 524K [0x0000000716d80000, 0x0000000719800000, 0x00000007c0000000)
  eden space 41472K, 0% used [0x0000000716d80000,0x0000000716d80000,0x0000000719600000)
  from space 1024K, 51% used [0x0000000719700000,0x0000000719783020,0x0000000719800000)
  to   space 1024K, 0% used [0x0000000719600000,0x0000000719600000,0x0000000719700000)
 ParOldGen       total 347136K, used 14966K [0x00000005c4800000, 0x00000005d9b00000, 0x0000000716d80000)
  object space 347136K, 4% used [0x00000005c4800000,0x00000005c569daf0,0x00000005d9b00000)
 Metaspace       used 11305K, capacity 11544K, committed 11776K, reserved 1058816K
  class space    used 1316K, capacity 1412K, committed 1536K, reserved 1048576K
}
Event: 55.009 GC heap before
{Heap before GC invocations=255 (full 0):
 PSYoungGen      total 42496K, used 41996K [0x0000000716d80000, 0x0000000719800000, 0x00000007c0000000)
  eden space 41472K, 100% used [0x0000000716d80000,0x0000000719600000,0x0000000719600000)
  from space 1024K, 51% used [0x0000000719700000,0x0000000719783020,0x0000000719800000)
  to   space 1024K, 0% used [0x0000000719600000,0x0000000719600000,0x0000000719700000)
 ParOldGen       total 347136K, used 14966K [0x00000005c4800000, 0x00000005d9b00000, 0x0000000716d80000)
  object space 347136K, 4% used [0x00000005c4800000,0x00000005c569daf0,0x00000005d9b00000)
 Metaspace       used 11305K, capacity 11544K, committed 11776K, reserved 1058816K
  class space    used 1316K, capacity 1412K, committed 1536K, reserved 1048576K
Event: 55.009 GC heap after
Heap after GC invocations=255 (full 0):
 PSYoungGen      total 42496K, used 550K [0x0000000716d80000, 0x0000000719800000, 0x00000007c0000000)
  eden space 41472K, 0% used [0x0000000716d80000,0x0000000716d80000,0x0000000719600000)
  from space 1024K, 53% used [0x0000000719600000,0x0000000719689a20,0x0000000719700000)
  to   space 1024K, 0% used [0x0000000719700000,0x0000000719700000,0x0000000719800000)
 ParOldGen       total 347136K, used 14990K [0x00000005c4800000, 0x00000005d9b00000, 0x0000000716d80000)
  object space 347136K, 4% used [0x00000005c4800000,0x00000005c56a3af0,0x00000005d9b00000)
 Metaspace       used 11305K, capacity 11544K, committed 11776K, reserved 1058816K
  class space    used 1316K, capacity 1412K, committed 1536K, reserved 1048576K
}

