# JRE version: OpenJDK Runtime Environment Temurin-21.0.7+6 (21.0.7+6) (build 21.0.7+6-LTS)
# Java VM: OpenJDK 64-Bit Server VM Temurin-21.0.7+6 (21.0.7+6-LTS, mixed mode, sharing, tiered, compressed oops, compressed class ptrs, parallel gc, windows-amd64)
GC Precious Log:
 CardTable entry size: 512
 CPUs: 28 total, 28 available
 Memory: 32475M
 Large Page Support: Disabled
 NUMA Support: Disabled
 Compressed Oops: Enabled (32-bit)
 Alignments: Space 512K, Generation 512K, Heap 2M
 Heap Min Capacity: 100M
 Heap Initial Capacity: 100M
 Heap Max Capacity: 1G
 Pre-touch: Disabled
 Parallel Workers: 20
Heap:
 PSYoungGen      total 7680K, used 3688K [0x00000000eab00000, 0x00000000eb480000, 0x0000000100000000)
  eden space 7168K, 47% used [0x00000000eab00000,0x00000000eae5a2b0,0x00000000eb200000)
  from space 512K, 50% used [0x00000000eb380000,0x00000000eb3c0000,0x00000000eb400000)
  to   space 512K, 0% used [0x00000000eb400000,0x00000000eb400000,0x00000000eb480000)
 ParOldGen       total 548352K, used 515206K [0x00000000c0000000, 0x00000000e1780000, 0x00000000eab00000)
  object space 548352K, 93% used [0x00000000c0000000,0x00000000df7219e0,0x00000000e1780000)
 Metaspace       used 80653K, committed 82304K, reserved 1179648K
  class space    used 8011K, committed 8832K, reserved 1048576K
GC Heap History (20 events):
Event: 755.523 GC heap before
{Heap before GC invocations=1104 (full 4):
 PSYoungGen      total 7680K, used 7584K [0x00000000eab00000, 0x00000000eb400000, 0x0000000100000000)
  eden space 7168K, 100% used [0x00000000eab00000,0x00000000eb200000,0x00000000eb200000)
  from space 512K, 81% used [0x00000000eb300000,0x00000000eb368000,0x00000000eb380000)
  to   space 512K, 0% used [0x00000000eb380000,0x00000000eb380000,0x00000000eb400000)
 ParOldGen       total 548352K, used 512598K [0x00000000c0000000, 0x00000000e1780000, 0x00000000eab00000)
  object space 548352K, 93% used [0x00000000c0000000,0x00000000df495bf8,0x00000000e1780000)
 Metaspace       used 80652K, committed 82304K, reserved 1179648K
  class space    used 8011K, committed 8832K, reserved 1048576K
}
Event: 755.525 GC heap after
{Heap after GC invocations=1104 (full 4):
 PSYoungGen      total 7680K, used 288K [0x00000000eab00000, 0x00000000eb400000, 0x0000000100000000)
  eden space 7168K, 0% used [0x00000000eab00000,0x00000000eab00000,0x00000000eb200000)
  from space 512K, 56% used [0x00000000eb380000,0x00000000eb3c8000,0x00000000eb400000)
  to   space 512K, 0% used [0x00000000eb300000,0x00000000eb300000,0x00000000eb380000)
 ParOldGen       total 548352K, used 512630K [0x00000000c0000000, 0x00000000e1780000, 0x00000000eab00000)
  object space 548352K, 93% used [0x00000000c0000000,0x00000000df49dbf8,0x00000000e1780000)
 Metaspace       used 80652K, committed 82304K, reserved 1179648K
  class space    used 8011K, committed 8832K, reserved 1048576K
}
Event: 755.535 GC heap before
{Heap before GC invocations=1105 (full 4):
 PSYoungGen      total 7680K, used 7456K [0x00000000eab00000, 0x00000000eb400000, 0x0000000100000000)
  eden space 7168K, 100% used [0x00000000eab00000,0x00000000eb200000,0x00000000eb200000)
  from space 512K, 56% used [0x00000000eb380000,0x00000000eb3c8000,0x00000000eb400000)
  to   space 512K, 0% used [0x00000000eb300000,0x00000000eb300000,0x00000000eb380000)
 ParOldGen       total 548352K, used 512630K [0x00000000c0000000, 0x00000000e1780000, 0x00000000eab00000)
  object space 548352K, 93% used [0x00000000c0000000,0x00000000df49dbf8,0x00000000e1780000)
 Metaspace       used 80652K, committed 82304K, reserved 1179648K
  class space    used 8011K, committed 8832K, reserved 1048576K
}
Event: 755.537 GC heap after
{Heap after GC invocations=1105 (full 4):
 PSYoungGen      total 7680K, used 389K [0x00000000eab00000, 0x00000000eb400000, 0x0000000100000000)
  eden space 7168K, 0% used [0x00000000eab00000,0x00000000eab00000,0x00000000eb200000)
  from space 512K, 76% used [0x00000000eb300000,0x00000000eb361510,0x00000000eb380000)
  to   space 512K, 0% used [0x00000000eb380000,0x00000000eb380000,0x00000000eb400000)
 ParOldGen       total 548352K, used 512702K [0x00000000c0000000, 0x00000000e1780000, 0x00000000eab00000)
  object space 548352K, 93% used [0x00000000c0000000,0x00000000df4afbf8,0x00000000e1780000)
 Metaspace       used 80652K, committed 82304K, reserved 1179648K
  class space    used 8011K, committed 8832K, reserved 1048576K
}
Event: 755.548 GC heap before
{Heap before GC invocations=1106 (full 4):
 PSYoungGen      total 7680K, used 7557K [0x00000000eab00000, 0x00000000eb400000, 0x0000000100000000)
  eden space 7168K, 100% used [0x00000000eab00000,0x00000000eb200000,0x00000000eb200000)
  from space 512K, 76% used [0x00000000eb300000,0x00000000eb361510,0x00000000eb380000)
  to   space 512K, 0% used [0x00000000eb380000,0x00000000eb380000,0x00000000eb400000)
 ParOldGen       total 548352K, used 512702K [0x00000000c0000000, 0x00000000e1780000, 0x00000000eab00000)
  object space 548352K, 93% used [0x00000000c0000000,0x00000000df4afbf8,0x00000000e1780000)
 Metaspace       used 80652K, committed 82304K, reserved 1179648K
  class space    used 8011K, committed 8832K, reserved 1048576K
}
Event: 755.549 GC heap after
{Heap after GC invocations=1106 (full 4):
 PSYoungGen      total 7680K, used 160K [0x00000000eab00000, 0x00000000eb400000, 0x0000000100000000)
  eden space 7168K, 0% used [0x00000000eab00000,0x00000000eab00000,0x00000000eb200000)
  from space 512K, 31% used [0x00000000eb380000,0x00000000eb3a8000,0x00000000eb400000)
  to   space 512K, 0% used [0x00000000eb300000,0x00000000eb300000,0x00000000eb380000)
 ParOldGen       total 548352K, used 512945K [0x00000000c0000000, 0x00000000e1780000, 0x00000000eab00000)
  object space 548352K, 93% used [0x00000000c0000000,0x00000000df4ec618,0x00000000e1780000)
 Metaspace       used 80652K, committed 82304K, reserved 1179648K
  class space    used 8011K, committed 8832K, reserved 1048576K
}
Event: 756.058 GC heap before
{Heap before GC invocations=1107 (full 4):
 PSYoungGen      total 7680K, used 7328K [0x00000000eab00000, 0x00000000eb400000, 0x0000000100000000)
  eden space 7168K, 100% used [0x00000000eab00000,0x00000000eb200000,0x00000000eb200000)
  from space 512K, 31% used [0x00000000eb380000,0x00000000eb3a8000,0x00000000eb400000)
  to   space 512K, 0% used [0x00000000eb300000,0x00000000eb300000,0x00000000eb380000)
 ParOldGen       total 548352K, used 512945K [0x00000000c0000000, 0x00000000e1780000, 0x00000000eab00000)
  object space 548352K, 93% used [0x00000000c0000000,0x00000000df4ec618,0x00000000e1780000)
 Metaspace       used 80652K, committed 82304K, reserved 1179648K
  class space    used 8011K, committed 8832K, reserved 1048576K
}
Event: 756.061 GC heap after
{Heap after GC invocations=1107 (full 4):
 PSYoungGen      total 7680K, used 485K [0x00000000eab00000, 0x00000000eb600000, 0x0000000100000000)
  eden space 7168K, 0% used [0x00000000eab00000,0x00000000eab00000,0x00000000eb200000)
  from space 512K, 94% used [0x00000000eb300000,0x00000000eb379510,0x00000000eb380000)
  to   space 2048K, 0% used [0x00000000eb400000,0x00000000eb400000,0x00000000eb600000)
 ParOldGen       total 548352K, used 513903K [0x00000000c0000000, 0x00000000e1780000, 0x00000000eab00000)
  object space 548352K, 93% used [0x00000000c0000000,0x00000000df5dbcf0,0x00000000e1780000)
 Metaspace       used 80652K, committed 82304K, reserved 1179648K
  class space    used 8011K, committed 8832K, reserved 1048576K
}
Event: 756.071 GC heap before
{Heap before GC invocations=1108 (full 4):
 PSYoungGen      total 7680K, used 7653K [0x00000000eab00000, 0x00000000eb600000, 0x0000000100000000)
  eden space 7168K, 100% used [0x00000000eab00000,0x00000000eb200000,0x00000000eb200000)
  from space 512K, 94% used [0x00000000eb300000,0x00000000eb379510,0x00000000eb380000)
  to   space 2048K, 0% used [0x00000000eb400000,0x00000000eb400000,0x00000000eb600000)
 ParOldGen       total 548352K, used 513903K [0x00000000c0000000, 0x00000000e1780000, 0x00000000eab00000)
  object space 548352K, 93% used [0x00000000c0000000,0x00000000df5dbcf0,0x00000000e1780000)
 Metaspace       used 80652K, committed 82304K, reserved 1179648K
  class space    used 8011K, committed 8832K, reserved 1048576K
}
Event: 756.073 GC heap after
{Heap after GC invocations=1108 (full 4):
 PSYoungGen      total 8192K, used 730K [0x00000000eab00000, 0x00000000eb500000, 0x0000000100000000)
  eden space 7168K, 0% used [0x00000000eab00000,0x00000000eab00000,0x00000000eb200000)
  from space 1024K, 71% used [0x00000000eb400000,0x00000000eb4b6a30,0x00000000eb500000)
  to   space 1024K, 0% used [0x00000000eb300000,0x00000000eb300000,0x00000000eb400000)
 ParOldGen       total 548352K, used 514419K [0x00000000c0000000, 0x00000000e1780000, 0x00000000eab00000)
  object space 548352K, 93% used [0x00000000c0000000,0x00000000df65cd20,0x00000000e1780000)
 Metaspace       used 80652K, committed 82304K, reserved 1179648K
  class space    used 8011K, committed 8832K, reserved 1048576K
}
Event: 756.085 GC heap before
{Heap before GC invocations=1109 (full 4):
 PSYoungGen      total 8192K, used 7898K [0x00000000eab00000, 0x00000000eb500000, 0x0000000100000000)
  eden space 7168K, 100% used [0x00000000eab00000,0x00000000eb200000,0x00000000eb200000)
  from space 1024K, 71% used [0x00000000eb400000,0x00000000eb4b6a30,0x00000000eb500000)
  to   space 1024K, 0% used [0x00000000eb300000,0x00000000eb300000,0x00000000eb400000)
 ParOldGen       total 548352K, used 514419K [0x00000000c0000000, 0x00000000e1780000, 0x00000000eab00000)
  object space 548352K, 93% used [0x00000000c0000000,0x00000000df65cd20,0x00000000e1780000)
 Metaspace       used 80652K, committed 82304K, reserved 1179648K
  class space    used 8011K, committed 8832K, reserved 1048576K
}
Event: 756.086 GC heap after
{Heap after GC invocations=1109 (full 4):
 PSYoungGen      total 8192K, used 160K [0x00000000eab00000, 0x00000000eb480000, 0x0000000100000000)
  eden space 7168K, 0% used [0x00000000eab00000,0x00000000eab00000,0x00000000eb200000)
  from space 1024K, 15% used [0x00000000eb300000,0x00000000eb328000,0x00000000eb400000)
  to   space 512K, 0% used [0x00000000eb400000,0x00000000eb400000,0x00000000eb480000)
 ParOldGen       total 548352K, used 514829K [0x00000000c0000000, 0x00000000e1780000, 0x00000000eab00000)
  object space 548352K, 93% used [0x00000000c0000000,0x00000000df6c34c0,0x00000000e1780000)
 Metaspace       used 80652K, committed 82304K, reserved 1179648K
  class space    used 8011K, committed 8832K, reserved 1048576K
}
Event: 756.519 GC heap before
{Heap before GC invocations=1110 (full 4):
 PSYoungGen      total 8192K, used 7328K [0x00000000eab00000, 0x00000000eb480000, 0x0000000100000000)
  eden space 7168K, 100% used [0x00000000eab00000,0x00000000eb200000,0x00000000eb200000)
  from space 1024K, 15% used [0x00000000eb300000,0x00000000eb328000,0x00000000eb400000)
  to   space 512K, 0% used [0x00000000eb400000,0x00000000eb400000,0x00000000eb480000)
 ParOldGen       total 548352K, used 514829K [0x00000000c0000000, 0x00000000e1780000, 0x00000000eab00000)
  object space 548352K, 93% used [0x00000000c0000000,0x00000000df6c34c0,0x00000000e1780000)
 Metaspace       used 80652K, committed 82304K, reserved 1179648K
  class space    used 8011K, committed 8832K, reserved 1048576K
}
Event: 756.520 GC heap after
{Heap after GC invocations=1110 (full 4):
 PSYoungGen      total 7680K, used 256K [0x00000000eab00000, 0x00000000eb480000, 0x0000000100000000)
  eden space 7168K, 0% used [0x00000000eab00000,0x00000000eab00000,0x00000000eb200000)
  from space 512K, 50% used [0x00000000eb400000,0x00000000eb440000,0x00000000eb480000)
  to   space 512K, 0% used [0x00000000eb380000,0x00000000eb380000,0x00000000eb400000)
 ParOldGen       total 548352K, used 514869K [0x00000000c0000000, 0x00000000e1780000, 0x00000000eab00000)
  object space 548352K, 93% used [0x00000000c0000000,0x00000000df6cd4c0,0x00000000e1780000)
 Metaspace       used 80652K, committed 82304K, reserved 1179648K
  class space    used 8011K, committed 8832K, reserved 1048576K
}
Event: 756.531 GC heap before
{Heap before GC invocations=1111 (full 4):
 PSYoungGen      total 7680K, used 7424K [0x00000000eab00000, 0x00000000eb480000, 0x0000000100000000)
  eden space 7168K, 100% used [0x00000000eab00000,0x00000000eb200000,0x00000000eb200000)
  from space 512K, 50% used [0x00000000eb400000,0x00000000eb440000,0x00000000eb480000)
  to   space 512K, 0% used [0x00000000eb380000,0x00000000eb380000,0x00000000eb400000)
 ParOldGen       total 548352K, used 514869K [0x00000000c0000000, 0x00000000e1780000, 0x00000000eab00000)
  object space 548352K, 93% used [0x00000000c0000000,0x00000000df6cd4c0,0x00000000e1780000)
 Metaspace       used 80652K, committed 82304K, reserved 1179648K
  class space    used 8011K, committed 8832K, reserved 1048576K
}
Event: 756.533 GC heap after
{Heap after GC invocations=1111 (full 4):
 PSYoungGen      total 7680K, used 416K [0x00000000eab00000, 0x00000000eb480000, 0x0000000100000000)
  eden space 7168K, 0% used [0x00000000eab00000,0x00000000eab00000,0x00000000eb200000)
  from space 512K, 81% used [0x00000000eb380000,0x00000000eb3e8000,0x00000000eb400000)
  to   space 512K, 0% used [0x00000000eb400000,0x00000000eb400000,0x00000000eb480000)
 ParOldGen       total 548352K, used 514933K [0x00000000c0000000, 0x00000000e1780000, 0x00000000eab00000)
  object space 548352K, 93% used [0x00000000c0000000,0x00000000df6dd4c0,0x00000000e1780000)
 Metaspace       used 80652K, committed 82304K, reserved 1179648K
  class space    used 8011K, committed 8832K, reserved 1048576K
}
Event: 756.542 GC heap before
{Heap before GC invocations=1112 (full 4):
 PSYoungGen      total 7680K, used 7584K [0x00000000eab00000, 0x00000000eb480000, 0x0000000100000000)
  eden space 7168K, 100% used [0x00000000eab00000,0x00000000eb200000,0x00000000eb200000)
  from space 512K, 81% used [0x00000000eb380000,0x00000000eb3e8000,0x00000000eb400000)
  to   space 512K, 0% used [0x00000000eb400000,0x00000000eb400000,0x00000000eb480000)
 ParOldGen       total 548352K, used 514933K [0x00000000c0000000, 0x00000000e1780000, 0x00000000eab00000)
  object space 548352K, 93% used [0x00000000c0000000,0x00000000df6dd4c0,0x00000000e1780000)
 Metaspace       used 80652K, committed 82304K, reserved 1179648K
  class space    used 8011K, committed 8832K, reserved 1048576K
}
Event: 756.544 GC heap after
{Heap after GC invocations=1112 (full 4):
 PSYoungGen      total 7680K, used 197K [0x00000000eab00000, 0x00000000eb480000, 0x0000000100000000)
  eden space 7168K, 0% used [0x00000000eab00000,0x00000000eab00000,0x00000000eb200000)
  from space 512K, 38% used [0x00000000eb400000,0x00000000eb431510,0x00000000eb480000)
  to   space 512K, 0% used [0x00000000eb380000,0x00000000eb380000,0x00000000eb400000)
 ParOldGen       total 548352K, used 515053K [0x00000000c0000000, 0x00000000e1780000, 0x00000000eab00000)
  object space 548352K, 93% used [0x00000000c0000000,0x00000000df6fb4c0,0x00000000e1780000)
 Metaspace       used 80652K, committed 82304K, reserved 1179648K
  class space    used 8011K, committed 8832K, reserved 1048576K
}
Event: 756.556 GC heap before
{Heap before GC invocations=1113 (full 4):
 PSYoungGen      total 7680K, used 7365K [0x00000000eab00000, 0x00000000eb480000, 0x0000000100000000)
  eden space 7168K, 100% used [0x00000000eab00000,0x00000000eb200000,0x00000000eb200000)
  from space 512K, 38% used [0x00000000eb400000,0x00000000eb431510,0x00000000eb480000)
  to   space 512K, 0% used [0x00000000eb380000,0x00000000eb380000,0x00000000eb400000)
 ParOldGen       total 548352K, used 515053K [0x00000000c0000000, 0x00000000e1780000, 0x00000000eab00000)
  object space 548352K, 93% used [0x00000000c0000000,0x00000000df6fb4c0,0x00000000e1780000)
 Metaspace       used 80652K, committed 82304K, reserved 1179648K
  class space    used 8011K, committed 8832K, reserved 1048576K
}
Event: 756.559 GC heap after
{Heap after GC invocations=1113 (full 4):
 PSYoungGen      total 7680K, used 256K [0x00000000eab00000, 0x00000000eb480000, 0x0000000100000000)
  eden space 7168K, 0% used [0x00000000eab00000,0x00000000eab00000,0x00000000eb200000)
  from space 512K, 50% used [0x00000000eb380000,0x00000000eb3c0000,0x00000000eb400000)
  to   space 512K, 0% used [0x00000000eb400000,0x00000000eb400000,0x00000000eb480000)
 ParOldGen       total 548352K, used 515206K [0x00000000c0000000, 0x00000000e1780000, 0x00000000eab00000)
  object space 548352K, 93% used [0x00000000c0000000,0x00000000df7219e0,0x00000000e1780000)
 Metaspace       used 80652K, committed 82304K, reserved 1179648K
  class space    used 8011K, committed 8832K, reserved 1048576K
}

