# JRE version: Java(TM) SE Runtime Environment (24.0.1+9) (build 24.0.1+9-30)
# Java VM: Java HotSpot(TM) 64-Bit Server VM (24.0.1+9-30, mixed mode, sharing, tiered, compressed oops, compressed class ptrs, g1 gc, windows-amd64)
GC Precious Log:
 CardTable entry size: 512
 Card Set container configuration: InlinePtr #cards 4 size 8 Array Of Cards #cards 32 size 80 Howl #buckets 8 coarsen threshold 7372 Howl Bitmap #cards 1024 size 144 coarsen threshold 921 Card regions per heap region 1 cards per card region 8192
 CPUs: 28 total, 28 available
 Memory: 32475M
 Large Page Support: Disabled
 NUMA Support: Disabled
 Compressed Oops: Enabled (Zero based)
 Heap Region Size: 4M
 Heap Min Capacity: 8M
 Heap Initial Capacity: 508M
 Heap Max Capacity: 8120M
 Pre-touch: Disabled
 Parallel Workers: 20
 Concurrent Workers: 5
 Concurrent Refinement Workers: 20
 Periodic GC: Disabled
Heap:
 garbage-first heap   total reserved 8314880K, committed 524288K, used 197227K [0x0000000604800000, 0x0000000800000000)
  region size 4096K, 46 young (188416K), 2 survivors (8192K)
 Metaspace       used 9535K, committed 9728K, reserved 1114112K
  class space    used 748K, committed 832K, reserved 1048576K
GC Heap History (20 events):
Event: 0.479 GC heap before
{Heap before GC invocations=0 (full 0):
 garbage-first heap   total reserved 8314880K, committed 524288K, used 46196K [0x0000000604800000, 0x0000000800000000)
  region size 4096K, 12 young (49152K), 0 survivors (0K)
 Metaspace       used 8560K, committed 8832K, reserved 1114112K
  class space    used 713K, committed 832K, reserved 1048576K
}
Event: 0.482 GC heap after
{Heap after GC invocations=1 (full 0):
 garbage-first heap   total reserved 8314880K, committed 524288K, used 20646K [0x0000000604800000, 0x0000000800000000)
  region size 4096K, 2 young (8192K), 2 survivors (8192K)
 Metaspace       used 8560K, committed 8832K, reserved 1114112K
  class space    used 713K, committed 832K, reserved 1048576K
}
Event: 1.426 GC heap before
{Heap before GC invocations=1 (full 0):
 garbage-first heap   total reserved 8314880K, committed 524288K, used 241830K [0x0000000604800000, 0x0000000800000000)
  region size 4096K, 57 young (233472K), 2 survivors (8192K)
 Metaspace       used 8853K, committed 9088K, reserved 1114112K
  class space    used 714K, committed 832K, reserved 1048576K
}
Event: 1.428 GC heap after
{Heap after GC invocations=2 (full 0):
 garbage-first heap   total reserved 8314880K, committed 524288K, used 22974K [0x0000000604800000, 0x0000000800000000)
  region size 4096K, 3 young (12288K), 3 survivors (12288K)
 Metaspace       used 8853K, committed 9088K, reserved 1114112K
  class space    used 714K, committed 832K, reserved 1048576K
}
Event: 2.307 GC heap before
{Heap before GC invocations=2 (full 0):
 garbage-first heap   total reserved 8314880K, committed 524288K, used 264638K [0x0000000604800000, 0x0000000800000000)
  region size 4096K, 62 young (253952K), 3 survivors (12288K)
 Metaspace       used 9015K, committed 9280K, reserved 1114112K
  class space    used 717K, committed 832K, reserved 1048576K
}
Event: 2.309 GC heap after
{Heap after GC invocations=3 (full 0):
 garbage-first heap   total reserved 8314880K, committed 524288K, used 20212K [0x0000000604800000, 0x0000000800000000)
  region size 4096K, 2 young (8192K), 2 survivors (8192K)
 Metaspace       used 9015K, committed 9280K, reserved 1114112K
  class space    used 717K, committed 832K, reserved 1048576K
}
Event: 3.404 GC heap before
{Heap before GC invocations=3 (full 0):
 garbage-first heap   total reserved 8314880K, committed 524288K, used 306932K [0x0000000604800000, 0x0000000800000000)
  region size 4096K, 72 young (294912K), 2 survivors (8192K)
 Metaspace       used 9158K, committed 9408K, reserved 1114112K
  class space    used 740K, committed 832K, reserved 1048576K
}
Event: 3.406 GC heap after
{Heap after GC invocations=4 (full 0):
 garbage-first heap   total reserved 8314880K, committed 524288K, used 20908K [0x0000000604800000, 0x0000000800000000)
  region size 4096K, 3 young (12288K), 3 survivors (12288K)
 Metaspace       used 9158K, committed 9408K, reserved 1114112K
  class space    used 740K, committed 832K, reserved 1048576K
}
Event: 4.916 GC heap before
{Heap before GC invocations=4 (full 0):
 garbage-first heap   total reserved 8314880K, committed 524288K, used 319916K [0x0000000604800000, 0x0000000800000000)
  region size 4096K, 76 young (311296K), 3 survivors (12288K)
 Metaspace       used 9361K, committed 9536K, reserved 1114112K
  class space    used 748K, committed 832K, reserved 1048576K
}
Event: 4.918 GC heap after
{Heap after GC invocations=5 (full 0):
 garbage-first heap   total reserved 8314880K, committed 524288K, used 21211K [0x0000000604800000, 0x0000000800000000)
  region size 4096K, 3 young (12288K), 3 survivors (12288K)
 Metaspace       used 9361K, committed 9536K, reserved 1114112K
  class space    used 748K, committed 832K, reserved 1048576K
}
Event: 6.701 GC heap before
{Heap before GC invocations=5 (full 0):
 garbage-first heap   total reserved 8314880K, committed 524288K, used 316123K [0x0000000604800000, 0x0000000800000000)
  region size 4096K, 76 young (311296K), 3 survivors (12288K)
 Metaspace       used 9469K, committed 9728K, reserved 1114112K
  class space    used 748K, committed 832K, reserved 1048576K
}
Event: 6.703 GC heap after
{Heap after GC invocations=6 (full 0):
 garbage-first heap   total reserved 8314880K, committed 524288K, used 25612K [0x0000000604800000, 0x0000000800000000)
  region size 4096K, 2 young (8192K), 2 survivors (8192K)
 Metaspace       used 9469K, committed 9728K, reserved 1114112K
  class space    used 748K, committed 832K, reserved 1048576K
}
Event: 8.486 GC heap before
{Heap before GC invocations=6 (full 0):
 garbage-first heap   total reserved 8314880K, committed 524288K, used 324620K [0x0000000604800000, 0x0000000800000000)
  region size 4096K, 76 young (311296K), 2 survivors (8192K)
 Metaspace       used 9526K, committed 9728K, reserved 1114112K
  class space    used 748K, committed 832K, reserved 1048576K
}
Event: 8.489 GC heap after
{Heap after GC invocations=7 (full 0):
 garbage-first heap   total reserved 8314880K, committed 524288K, used 21522K [0x0000000604800000, 0x0000000800000000)
  region size 4096K, 2 young (8192K), 2 survivors (8192K)
 Metaspace       used 9526K, committed 9728K, reserved 1114112K
  class space    used 748K, committed 832K, reserved 1048576K
}
Event: 10.267 GC heap before
{Heap before GC invocations=7 (full 0):
 garbage-first heap   total reserved 8314880K, committed 524288K, used 320530K [0x0000000604800000, 0x0000000800000000)
  region size 4096K, 76 young (311296K), 2 survivors (8192K)
 Metaspace       used 9534K, committed 9728K, reserved 1114112K
  class space    used 748K, committed 832K, reserved 1048576K
}
Event: 10.269 GC heap after
{Heap after GC invocations=8 (full 0):
 garbage-first heap   total reserved 8314880K, committed 524288K, used 22711K [0x0000000604800000, 0x0000000800000000)
  region size 4096K, 2 young (8192K), 2 survivors (8192K)
 Metaspace       used 9534K, committed 9728K, reserved 1114112K
  class space    used 748K, committed 832K, reserved 1048576K
}
Event: 12.040 GC heap before
{Heap before GC invocations=8 (full 0):
 garbage-first heap   total reserved 8314880K, committed 524288K, used 321719K [0x0000000604800000, 0x0000000800000000)
  region size 4096K, 76 young (311296K), 2 survivors (8192K)
 Metaspace       used 9534K, committed 9728K, reserved 1114112K
  class space    used 748K, committed 832K, reserved 1048576K
}
Event: 12.042 GC heap after
{Heap after GC invocations=9 (full 0):
 garbage-first heap   total reserved 8314880K, committed 524288K, used 21509K [0x0000000604800000, 0x0000000800000000)
  region size 4096K, 2 young (8192K), 2 survivors (8192K)
 Metaspace       used 9534K, committed 9728K, reserved 1114112K
  class space    used 748K, committed 832K, reserved 1048576K
}
Event: 13.774 GC heap before
{Heap before GC invocations=9 (full 0):
 garbage-first heap   total reserved 8314880K, committed 524288K, used 324613K [0x0000000604800000, 0x0000000800000000)
  region size 4096K, 76 young (311296K), 2 survivors (8192K)
 Metaspace       used 9535K, committed 9728K, reserved 1114112K
  class space    used 748K, committed 832K, reserved 1048576K
}
Event: 13.775 GC heap after
{Heap after GC invocations=10 (full 0):
 garbage-first heap   total reserved 8314880K, committed 524288K, used 21099K [0x0000000604800000, 0x0000000800000000)
  region size 4096K, 2 young (8192K), 2 survivors (8192K)
 Metaspace       used 9535K, committed 9728K, reserved 1114112K
  class space    used 748K, committed 832K, reserved 1048576K
}

