# JRE version: OpenJDK Runtime Environment Temurin-21.0.6+7 (21.0.6+7) (build 21.0.6+7-LTS)
# Java VM: OpenJDK 64-Bit Server VM Temurin-21.0.6+7 (21.0.6+7-LTS, mixed mode, sharing, tiered, compressed oops, compressed class ptrs, parallel gc, windows-amd64)
GC Precious Log:
 CardTable entry size: 512
 CPUs: 28 total, 28 available
 Memory: 32475M
 Large Page Support: Disabled
 NUMA Support: Disabled
 Compressed Oops: Enabled (32-bit)
 Alignments: Space 512K, Generation 512K, Heap 2M
 Heap Min Capacity: 100M
 Heap Initial Capacity: 100M
 Heap Max Capacity: 1G
 Pre-touch: Disabled
 Parallel Workers: 20
Heap:
 PSYoungGen      total 4096K, used 1253K [0x00000000eab00000, 0x00000000eb080000, 0x0000000100000000)
  eden space 3584K, 20% used [0x00000000eab00000,0x00000000eabbc058,0x00000000eae80000)
  from space 512K, 97% used [0x00000000eb000000,0x00000000eb07d490,0x00000000eb080000)
  to   space 1024K, 0% used [0x00000000eae80000,0x00000000eae80000,0x00000000eaf80000)
 ParOldGen       total 603648K, used 158289K [0x00000000c0000000, 0x00000000e4d80000, 0x00000000eab00000)
  object space 603648K, 26% used [0x00000000c0000000,0x00000000c9a94608,0x00000000e4d80000)
 Metaspace       used 82104K, committed 83776K, reserved 1179648K
  class space    used 8249K, committed 8960K, reserved 1048576K
GC Heap History (20 events):
Event: 481.712 GC heap before
{Heap before GC invocations=719 (full 4):
 PSYoungGen      total 3584K, used 3456K [0x00000000eab00000, 0x00000000eaf80000, 0x0000000100000000)
  eden space 3072K, 100% used [0x00000000eab00000,0x00000000eae00000,0x00000000eae00000)
  from space 512K, 75% used [0x00000000eaf00000,0x00000000eaf60000,0x00000000eaf80000)
  to   space 512K, 0% used [0x00000000eae80000,0x00000000eae80000,0x00000000eaf00000)
 ParOldGen       total 603648K, used 156513K [0x00000000c0000000, 0x00000000e4d80000, 0x00000000eab00000)
  object space 603648K, 25% used [0x00000000c0000000,0x00000000c98d86f0,0x00000000e4d80000)
 Metaspace       used 82053K, committed 83648K, reserved 1179648K
  class space    used 8249K, committed 8960K, reserved 1048576K
}
Event: 481.713 GC heap after
{Heap after GC invocations=719 (full 4):
 PSYoungGen      total 3584K, used 96K [0x00000000eab00000, 0x00000000eaf80000, 0x0000000100000000)
  eden space 3072K, 0% used [0x00000000eab00000,0x00000000eab00000,0x00000000eae00000)
  from space 512K, 18% used [0x00000000eae80000,0x00000000eae98000,0x00000000eaf00000)
  to   space 512K, 0% used [0x00000000eaf00000,0x00000000eaf00000,0x00000000eaf80000)
 ParOldGen       total 603648K, used 156644K [0x00000000c0000000, 0x00000000e4d80000, 0x00000000eab00000)
  object space 603648K, 25% used [0x00000000c0000000,0x00000000c98f9038,0x00000000e4d80000)
 Metaspace       used 82053K, committed 83648K, reserved 1179648K
  class space    used 8249K, committed 8960K, reserved 1048576K
}
Event: 481.906 GC heap before
{Heap before GC invocations=720 (full 4):
 PSYoungGen      total 3584K, used 3168K [0x00000000eab00000, 0x00000000eaf80000, 0x0000000100000000)
  eden space 3072K, 100% used [0x00000000eab00000,0x00000000eae00000,0x00000000eae00000)
  from space 512K, 18% used [0x00000000eae80000,0x00000000eae98000,0x00000000eaf00000)
  to   space 512K, 0% used [0x00000000eaf00000,0x00000000eaf00000,0x00000000eaf80000)
 ParOldGen       total 603648K, used 156644K [0x00000000c0000000, 0x00000000e4d80000, 0x00000000eab00000)
  object space 603648K, 25% used [0x00000000c0000000,0x00000000c98f9038,0x00000000e4d80000)
 Metaspace       used 82056K, committed 83648K, reserved 1179648K
  class space    used 8249K, committed 8960K, reserved 1048576K
}
Event: 481.906 GC heap after
{Heap after GC invocations=720 (full 4):
 PSYoungGen      total 3584K, used 320K [0x00000000eab00000, 0x00000000eaf80000, 0x0000000100000000)
  eden space 3072K, 0% used [0x00000000eab00000,0x00000000eab00000,0x00000000eae00000)
  from space 512K, 62% used [0x00000000eaf00000,0x00000000eaf50000,0x00000000eaf80000)
  to   space 512K, 0% used [0x00000000eae80000,0x00000000eae80000,0x00000000eaf00000)
 ParOldGen       total 603648K, used 156724K [0x00000000c0000000, 0x00000000e4d80000, 0x00000000eab00000)
  object space 603648K, 25% used [0x00000000c0000000,0x00000000c990d038,0x00000000e4d80000)
 Metaspace       used 82056K, committed 83648K, reserved 1179648K
  class space    used 8249K, committed 8960K, reserved 1048576K
}
Event: 562.700 GC heap before
{Heap before GC invocations=721 (full 4):
 PSYoungGen      total 3584K, used 3391K [0x00000000eab00000, 0x00000000eaf80000, 0x0000000100000000)
  eden space 3072K, 99% used [0x00000000eab00000,0x00000000eadffff0,0x00000000eae00000)
  from space 512K, 62% used [0x00000000eaf00000,0x00000000eaf50000,0x00000000eaf80000)
  to   space 512K, 0% used [0x00000000eae80000,0x00000000eae80000,0x00000000eaf00000)
 ParOldGen       total 603648K, used 156724K [0x00000000c0000000, 0x00000000e4d80000, 0x00000000eab00000)
  object space 603648K, 25% used [0x00000000c0000000,0x00000000c990d038,0x00000000e4d80000)
 Metaspace       used 82082K, committed 83712K, reserved 1179648K
  class space    used 8249K, committed 8960K, reserved 1048576K
}
Event: 562.702 GC heap after
{Heap after GC invocations=721 (full 4):
 PSYoungGen      total 3584K, used 480K [0x00000000eab00000, 0x00000000eb000000, 0x0000000100000000)
  eden space 3072K, 0% used [0x00000000eab00000,0x00000000eab00000,0x00000000eae00000)
  from space 512K, 93% used [0x00000000eae80000,0x00000000eaef8020,0x00000000eaf00000)
  to   space 1024K, 0% used [0x00000000eaf00000,0x00000000eaf00000,0x00000000eb000000)
 ParOldGen       total 603648K, used 156846K [0x00000000c0000000, 0x00000000e4d80000, 0x00000000eab00000)
  object space 603648K, 25% used [0x00000000c0000000,0x00000000c992ba80,0x00000000e4d80000)
 Metaspace       used 82082K, committed 83712K, reserved 1179648K
  class space    used 8249K, committed 8960K, reserved 1048576K
}
Event: 562.710 GC heap before
{Heap before GC invocations=722 (full 4):
 PSYoungGen      total 3584K, used 3552K [0x00000000eab00000, 0x00000000eb000000, 0x0000000100000000)
  eden space 3072K, 100% used [0x00000000eab00000,0x00000000eae00000,0x00000000eae00000)
  from space 512K, 93% used [0x00000000eae80000,0x00000000eaef8020,0x00000000eaf00000)
  to   space 1024K, 0% used [0x00000000eaf00000,0x00000000eaf00000,0x00000000eb000000)
 ParOldGen       total 603648K, used 156846K [0x00000000c0000000, 0x00000000e4d80000, 0x00000000eab00000)
  object space 603648K, 25% used [0x00000000c0000000,0x00000000c992ba80,0x00000000e4d80000)
 Metaspace       used 82083K, committed 83712K, reserved 1179648K
  class space    used 8249K, committed 8960K, reserved 1048576K
}
Event: 562.711 GC heap after
{Heap after GC invocations=722 (full 4):
 PSYoungGen      total 4096K, used 768K [0x00000000eab00000, 0x00000000eb000000, 0x0000000100000000)
  eden space 3072K, 0% used [0x00000000eab00000,0x00000000eab00000,0x00000000eae00000)
  from space 1024K, 75% used [0x00000000eaf00000,0x00000000eafc0020,0x00000000eb000000)
  to   space 1024K, 0% used [0x00000000eae00000,0x00000000eae00000,0x00000000eaf00000)
 ParOldGen       total 603648K, used 157049K [0x00000000c0000000, 0x00000000e4d80000, 0x00000000eab00000)
  object space 603648K, 26% used [0x00000000c0000000,0x00000000c995e4e8,0x00000000e4d80000)
 Metaspace       used 82083K, committed 83712K, reserved 1179648K
  class space    used 8249K, committed 8960K, reserved 1048576K
}
Event: 562.716 GC heap before
{Heap before GC invocations=723 (full 4):
 PSYoungGen      total 4096K, used 3840K [0x00000000eab00000, 0x00000000eb000000, 0x0000000100000000)
  eden space 3072K, 100% used [0x00000000eab00000,0x00000000eae00000,0x00000000eae00000)
  from space 1024K, 75% used [0x00000000eaf00000,0x00000000eafc0020,0x00000000eb000000)
  to   space 1024K, 0% used [0x00000000eae00000,0x00000000eae00000,0x00000000eaf00000)
 ParOldGen       total 603648K, used 157049K [0x00000000c0000000, 0x00000000e4d80000, 0x00000000eab00000)
  object space 603648K, 26% used [0x00000000c0000000,0x00000000c995e4e8,0x00000000e4d80000)
 Metaspace       used 82086K, committed 83712K, reserved 1179648K
  class space    used 8249K, committed 8960K, reserved 1048576K
}
Event: 562.717 GC heap after
{Heap after GC invocations=723 (full 4):
 PSYoungGen      total 4096K, used 1013K [0x00000000eab00000, 0x00000000eb200000, 0x0000000100000000)
  eden space 3072K, 0% used [0x00000000eab00000,0x00000000eab00000,0x00000000eae00000)
  from space 1024K, 98% used [0x00000000eae00000,0x00000000eaefd480,0x00000000eaf00000)
  to   space 2048K, 0% used [0x00000000eb000000,0x00000000eb000000,0x00000000eb200000)
 ParOldGen       total 603648K, used 157504K [0x00000000c0000000, 0x00000000e4d80000, 0x00000000eab00000)
  object space 603648K, 26% used [0x00000000c0000000,0x00000000c99d0278,0x00000000e4d80000)
 Metaspace       used 82086K, committed 83712K, reserved 1179648K
  class space    used 8249K, committed 8960K, reserved 1048576K
}
Event: 562.720 GC heap before
{Heap before GC invocations=724 (full 4):
 PSYoungGen      total 4096K, used 4085K [0x00000000eab00000, 0x00000000eb200000, 0x0000000100000000)
  eden space 3072K, 100% used [0x00000000eab00000,0x00000000eae00000,0x00000000eae00000)
  from space 1024K, 98% used [0x00000000eae00000,0x00000000eaefd480,0x00000000eaf00000)
  to   space 2048K, 0% used [0x00000000eb000000,0x00000000eb000000,0x00000000eb200000)
 ParOldGen       total 603648K, used 157504K [0x00000000c0000000, 0x00000000e4d80000, 0x00000000eab00000)
  object space 603648K, 26% used [0x00000000c0000000,0x00000000c99d0278,0x00000000e4d80000)
 Metaspace       used 82086K, committed 83712K, reserved 1179648K
  class space    used 8249K, committed 8960K, reserved 1048576K
}
Event: 562.721 GC heap after
{Heap after GC invocations=724 (full 4):
 PSYoungGen      total 3584K, used 192K [0x00000000eab00000, 0x00000000eb080000, 0x0000000100000000)
  eden space 3072K, 0% used [0x00000000eab00000,0x00000000eab00000,0x00000000eae00000)
  from space 512K, 37% used [0x00000000eb000000,0x00000000eb030000,0x00000000eb080000)
  to   space 1024K, 0% used [0x00000000eae80000,0x00000000eae80000,0x00000000eaf80000)
 ParOldGen       total 603648K, used 158012K [0x00000000c0000000, 0x00000000e4d80000, 0x00000000eab00000)
  object space 603648K, 26% used [0x00000000c0000000,0x00000000c9a4f188,0x00000000e4d80000)
 Metaspace       used 82086K, committed 83712K, reserved 1179648K
  class space    used 8249K, committed 8960K, reserved 1048576K
}
Event: 562.722 GC heap before
{Heap before GC invocations=725 (full 4):
 PSYoungGen      total 3584K, used 3264K [0x00000000eab00000, 0x00000000eb080000, 0x0000000100000000)
  eden space 3072K, 100% used [0x00000000eab00000,0x00000000eae00000,0x00000000eae00000)
  from space 512K, 37% used [0x00000000eb000000,0x00000000eb030000,0x00000000eb080000)
  to   space 1024K, 0% used [0x00000000eae80000,0x00000000eae80000,0x00000000eaf80000)
 ParOldGen       total 603648K, used 158012K [0x00000000c0000000, 0x00000000e4d80000, 0x00000000eab00000)
  object space 603648K, 26% used [0x00000000c0000000,0x00000000c9a4f188,0x00000000e4d80000)
 Metaspace       used 82086K, committed 83712K, reserved 1179648K
  class space    used 8249K, committed 8960K, reserved 1048576K
}
Event: 562.722 GC heap after
{Heap after GC invocations=725 (full 4):
 PSYoungGen      total 4608K, used 352K [0x00000000eab00000, 0x00000000eb080000, 0x0000000100000000)
  eden space 3584K, 0% used [0x00000000eab00000,0x00000000eab00000,0x00000000eae80000)
  from space 1024K, 34% used [0x00000000eae80000,0x00000000eaed8000,0x00000000eaf80000)
  to   space 512K, 0% used [0x00000000eb000000,0x00000000eb000000,0x00000000eb080000)
 ParOldGen       total 603648K, used 158060K [0x00000000c0000000, 0x00000000e4d80000, 0x00000000eab00000)
  object space 603648K, 26% used [0x00000000c0000000,0x00000000c9a5b188,0x00000000e4d80000)
 Metaspace       used 82086K, committed 83712K, reserved 1179648K
  class space    used 8249K, committed 8960K, reserved 1048576K
}
Event: 562.729 GC heap before
{Heap before GC invocations=726 (full 4):
 PSYoungGen      total 4608K, used 3936K [0x00000000eab00000, 0x00000000eb080000, 0x0000000100000000)
  eden space 3584K, 100% used [0x00000000eab00000,0x00000000eae80000,0x00000000eae80000)
  from space 1024K, 34% used [0x00000000eae80000,0x00000000eaed8000,0x00000000eaf80000)
  to   space 512K, 0% used [0x00000000eb000000,0x00000000eb000000,0x00000000eb080000)
 ParOldGen       total 603648K, used 158060K [0x00000000c0000000, 0x00000000e4d80000, 0x00000000eab00000)
  object space 603648K, 26% used [0x00000000c0000000,0x00000000c9a5b188,0x00000000e4d80000)
 Metaspace       used 82086K, committed 83712K, reserved 1179648K
  class space    used 8249K, committed 8960K, reserved 1048576K
}
Event: 562.730 GC heap after
{Heap after GC invocations=726 (full 4):
 PSYoungGen      total 4096K, used 480K [0x00000000eab00000, 0x00000000eb080000, 0x0000000100000000)
  eden space 3584K, 0% used [0x00000000eab00000,0x00000000eab00000,0x00000000eae80000)
  from space 512K, 93% used [0x00000000eb000000,0x00000000eb078000,0x00000000eb080000)
  to   space 512K, 0% used [0x00000000eaf80000,0x00000000eaf80000,0x00000000eb000000)
 ParOldGen       total 603648K, used 158060K [0x00000000c0000000, 0x00000000e4d80000, 0x00000000eab00000)
  object space 603648K, 26% used [0x00000000c0000000,0x00000000c9a5b188,0x00000000e4d80000)
 Metaspace       used 82086K, committed 83712K, reserved 1179648K
  class space    used 8249K, committed 8960K, reserved 1048576K
}
Event: 563.056 GC heap before
{Heap before GC invocations=727 (full 4):
 PSYoungGen      total 4096K, used 4064K [0x00000000eab00000, 0x00000000eb080000, 0x0000000100000000)
  eden space 3584K, 100% used [0x00000000eab00000,0x00000000eae80000,0x00000000eae80000)
  from space 512K, 93% used [0x00000000eb000000,0x00000000eb078000,0x00000000eb080000)
  to   space 512K, 0% used [0x00000000eaf80000,0x00000000eaf80000,0x00000000eb000000)
 ParOldGen       total 603648K, used 158060K [0x00000000c0000000, 0x00000000e4d80000, 0x00000000eab00000)
  object space 603648K, 26% used [0x00000000c0000000,0x00000000c9a5b188,0x00000000e4d80000)
 Metaspace       used 82092K, committed 83712K, reserved 1179648K
  class space    used 8249K, committed 8960K, reserved 1048576K
}
Event: 563.056 GC heap after
{Heap after GC invocations=727 (full 4):
 PSYoungGen      total 4096K, used 405K [0x00000000eab00000, 0x00000000eb080000, 0x0000000100000000)
  eden space 3584K, 0% used [0x00000000eab00000,0x00000000eab00000,0x00000000eae80000)
  from space 512K, 79% used [0x00000000eaf80000,0x00000000eafe5460,0x00000000eb000000)
  to   space 512K, 0% used [0x00000000eb000000,0x00000000eb000000,0x00000000eb080000)
 ParOldGen       total 603648K, used 158132K [0x00000000c0000000, 0x00000000e4d80000, 0x00000000eab00000)
  object space 603648K, 26% used [0x00000000c0000000,0x00000000c9a6d188,0x00000000e4d80000)
 Metaspace       used 82092K, committed 83712K, reserved 1179648K
  class space    used 8249K, committed 8960K, reserved 1048576K
}
Event: 563.178 GC heap before
{Heap before GC invocations=728 (full 4):
 PSYoungGen      total 4096K, used 3989K [0x00000000eab00000, 0x00000000eb080000, 0x0000000100000000)
  eden space 3584K, 100% used [0x00000000eab00000,0x00000000eae80000,0x00000000eae80000)
  from space 512K, 79% used [0x00000000eaf80000,0x00000000eafe5460,0x00000000eb000000)
  to   space 512K, 0% used [0x00000000eb000000,0x00000000eb000000,0x00000000eb080000)
 ParOldGen       total 603648K, used 158132K [0x00000000c0000000, 0x00000000e4d80000, 0x00000000eab00000)
  object space 603648K, 26% used [0x00000000c0000000,0x00000000c9a6d188,0x00000000e4d80000)
 Metaspace       used 82100K, committed 83776K, reserved 1179648K
  class space    used 8249K, committed 8960K, reserved 1048576K
}
Event: 563.178 GC heap after
{Heap after GC invocations=728 (full 4):
 PSYoungGen      total 4096K, used 501K [0x00000000eab00000, 0x00000000eb080000, 0x0000000100000000)
  eden space 3584K, 0% used [0x00000000eab00000,0x00000000eab00000,0x00000000eae80000)
  from space 512K, 97% used [0x00000000eb000000,0x00000000eb07d490,0x00000000eb080000)
  to   space 1024K, 0% used [0x00000000eae80000,0x00000000eae80000,0x00000000eaf80000)
 ParOldGen       total 603648K, used 158289K [0x00000000c0000000, 0x00000000e4d80000, 0x00000000eab00000)
  object space 603648K, 26% used [0x00000000c0000000,0x00000000c9a94608,0x00000000e4d80000)
 Metaspace       used 82100K, committed 83776K, reserved 1179648K
  class space    used 8249K, committed 8960K, reserved 1048576K
}

