# JRE version: Java(TM) SE Runtime Environment (24.0.1+9) (build 24.0.1+9-30)
# Java VM: Java HotSpot(TM) 64-Bit Server VM (24.0.1+9-30, mixed mode, sharing, tiered, compressed oops, compressed class ptrs, g1 gc, windows-amd64)
GC Precious Log:
 CardTable entry size: 512
 Card Set container configuration: InlinePtr #cards 4 size 8 Array Of Cards #cards 32 size 80 Howl #buckets 8 coarsen threshold 7372 Howl Bitmap #cards 1024 size 144 coarsen threshold 921 Card regions per heap region 1 cards per card region 8192
 CPUs: 28 total, 28 available
 Memory: 32475M
 Large Page Support: Disabled
 NUMA Support: Disabled
 Compressed Oops: Enabled (Zero based)
 Heap Region Size: 4M
 Heap Min Capacity: 8M
 Heap Initial Capacity: 508M
 Heap Max Capacity: 8120M
 Pre-touch: Disabled
 Parallel Workers: 20
 Concurrent Workers: 5
 Concurrent Refinement Workers: 20
 Periodic GC: Disabled
Heap:
 garbage-first heap   total reserved 8314880K, committed 524288K, used 270206K [0x0000000604800000, 0x0000000800000000)
  region size 4096K, 65 young (266240K), 3 survivors (12288K)
 Metaspace       used 9460K, committed 9664K, reserved 1114112K
  class space    used 748K, committed 832K, reserved 1048576K
GC Heap History (16 events):
Event: 0.482 GC heap before
{Heap before GC invocations=0 (full 0):
 garbage-first heap   total reserved 8314880K, committed 524288K, used 50292K [0x0000000604800000, 0x0000000800000000)
  region size 4096K, 12 young (49152K), 0 survivors (0K)
 Metaspace       used 8593K, committed 8832K, reserved 1114112K
  class space    used 715K, committed 832K, reserved 1048576K
}
Event: 0.486 GC heap after
{Heap after GC invocations=1 (full 0):
 garbage-first heap   total reserved 8314880K, committed 524288K, used 19746K [0x0000000604800000, 0x0000000800000000)
  region size 4096K, 2 young (8192K), 2 survivors (8192K)
 Metaspace       used 8593K, committed 8832K, reserved 1114112K
  class space    used 715K, committed 832K, reserved 1048576K
}
Event: 1.434 GC heap before
{Heap before GC invocations=1 (full 0):
 garbage-first heap   total reserved 8314880K, committed 524288K, used 240930K [0x0000000604800000, 0x0000000800000000)
  region size 4096K, 57 young (233472K), 2 survivors (8192K)
 Metaspace       used 9050K, committed 9280K, reserved 1114112K
  class space    used 740K, committed 832K, reserved 1048576K
}
Event: 1.436 GC heap after
{Heap after GC invocations=2 (full 0):
 garbage-first heap   total reserved 8314880K, committed 524288K, used 18650K [0x0000000604800000, 0x0000000800000000)
  region size 4096K, 2 young (8192K), 2 survivors (8192K)
 Metaspace       used 9050K, committed 9280K, reserved 1114112K
  class space    used 740K, committed 832K, reserved 1048576K
}
Event: 3.115 GC heap before
{Heap before GC invocations=2 (full 0):
 garbage-first heap   total reserved 8314880K, committed 524288K, used 260314K [0x0000000604800000, 0x0000000800000000)
  region size 4096K, 62 young (253952K), 2 survivors (8192K)
 Metaspace       used 9319K, committed 9536K, reserved 1114112K
  class space    used 748K, committed 832K, reserved 1048576K
}
Event: 3.117 GC heap after
{Heap after GC invocations=3 (full 0):
 garbage-first heap   total reserved 8314880K, committed 524288K, used 20002K [0x0000000604800000, 0x0000000800000000)
  region size 4096K, 3 young (12288K), 3 survivors (12288K)
 Metaspace       used 9319K, committed 9536K, reserved 1114112K
  class space    used 748K, committed 832K, reserved 1048576K
}
Event: 4.730 GC heap before
{Heap before GC invocations=3 (full 0):
 garbage-first heap   total reserved 8314880K, committed 524288K, used 302626K [0x0000000604800000, 0x0000000800000000)
  region size 4096K, 72 young (294912K), 3 survivors (12288K)
 Metaspace       used 9355K, committed 9536K, reserved 1114112K
  class space    used 748K, committed 832K, reserved 1048576K
}
Event: 4.732 GC heap after
{Heap after GC invocations=4 (full 0):
 garbage-first heap   total reserved 8314880K, committed 524288K, used 20008K [0x0000000604800000, 0x0000000800000000)
  region size 4096K, 3 young (12288K), 3 survivors (12288K)
 Metaspace       used 9355K, committed 9536K, reserved 1114112K
  class space    used 748K, committed 832K, reserved 1048576K
}
Event: 6.429 GC heap before
{Heap before GC invocations=4 (full 0):
 garbage-first heap   total reserved 8314880K, committed 524288K, used 314920K [0x0000000604800000, 0x0000000800000000)
  region size 4096K, 76 young (311296K), 3 survivors (12288K)
 Metaspace       used 9372K, committed 9600K, reserved 1114112K
  class space    used 748K, committed 832K, reserved 1048576K
}
Event: 6.431 GC heap after
{Heap after GC invocations=5 (full 0):
 garbage-first heap   total reserved 8314880K, committed 524288K, used 20105K [0x0000000604800000, 0x0000000800000000)
  region size 4096K, 3 young (12288K), 3 survivors (12288K)
 Metaspace       used 9372K, committed 9600K, reserved 1114112K
  class space    used 748K, committed 832K, reserved 1048576K
}
Event: 8.146 GC heap before
{Heap before GC invocations=5 (full 0):
 garbage-first heap   total reserved 8314880K, committed 524288K, used 319113K [0x0000000604800000, 0x0000000800000000)
  region size 4096K, 76 young (311296K), 3 survivors (12288K)
 Metaspace       used 9377K, committed 9600K, reserved 1114112K
  class space    used 748K, committed 832K, reserved 1048576K
}
Event: 8.148 GC heap after
{Heap after GC invocations=6 (full 0):
 garbage-first heap   total reserved 8314880K, committed 524288K, used 21846K [0x0000000604800000, 0x0000000800000000)
  region size 4096K, 3 young (12288K), 3 survivors (12288K)
 Metaspace       used 9377K, committed 9600K, reserved 1114112K
  class space    used 748K, committed 832K, reserved 1048576K
}
Event: 9.868 GC heap before
{Heap before GC invocations=6 (full 0):
 garbage-first heap   total reserved 8314880K, committed 524288K, used 320854K [0x0000000604800000, 0x0000000800000000)
  region size 4096K, 76 young (311296K), 3 survivors (12288K)
 Metaspace       used 9379K, committed 9600K, reserved 1114112K
  class space    used 748K, committed 832K, reserved 1048576K
}
Event: 9.870 GC heap after
{Heap after GC invocations=7 (full 0):
 garbage-first heap   total reserved 8314880K, committed 524288K, used 20308K [0x0000000604800000, 0x0000000800000000)
  region size 4096K, 3 young (12288K), 3 survivors (12288K)
 Metaspace       used 9379K, committed 9600K, reserved 1114112K
  class space    used 748K, committed 832K, reserved 1048576K
}
Event: 11.565 GC heap before
{Heap before GC invocations=7 (full 0):
 garbage-first heap   total reserved 8314880K, committed 524288K, used 319316K [0x0000000604800000, 0x0000000800000000)
  region size 4096K, 76 young (311296K), 3 survivors (12288K)
 Metaspace       used 9453K, committed 9664K, reserved 1114112K
  class space    used 748K, committed 832K, reserved 1048576K
}
Event: 11.566 GC heap after
{Heap after GC invocations=8 (full 0):
 garbage-first heap   total reserved 8314880K, committed 524288K, used 20350K [0x0000000604800000, 0x0000000800000000)
  region size 4096K, 3 young (12288K), 3 survivors (12288K)
 Metaspace       used 9453K, committed 9664K, reserved 1114112K
  class space    used 748K, committed 832K, reserved 1048576K
}

